Test/build/outputs/logs/manifest-merger-debug-report.txt
-- Merging decision tree log ---
manifest
ADDED from src\main\AndroidManifest.xml:1:1-404:12
	package
		ADDED from src\main\AndroidManifest.xml:2:5-29
		INJECTED from src\main\AndroidManifest.xml
		INJECTED from src\main\AndroidManifest.xml
	android:versionName
		ADDED from src\main\AndroidManifest.xml:4:5-30
		INJECTED from src\main\AndroidManifest.xml
		INJECTED from src\main\AndroidManifest.xml
	android:versionCode
		ADDED from src\main\AndroidManifest.xml:3:5-28
		INJECTED from src\main\AndroidManifest.xml
		INJECTED from src\main\AndroidManifest.xml
	xmlns:android
		ADDED from src\main\AndroidManifest.xml:1:11-69
uses-sdk
ADDED from src\main\AndroidManifest.xml:6:5-8:41
	android:targetSdkVersion
		ADDED from src\main\AndroidManifest.xml:8:9-38
		INJECTED from src\main\AndroidManifest.xml
		INJECTED from src\main\AndroidManifest.xml
	android:minSdkVersion
		ADDED from src\main\AndroidManifest.xml:7:9-35
		INJECTED from src\main\AndroidManifest.xml
		INJECTED from src\main\AndroidManifest.xml
uses-permission#android.permission.CAMERA
ADDED from src\main\AndroidManifest.xml:10:5-11:23
	android:name
		ADDED from src\main\AndroidManifest.xml:10:22-62
uses-permission#android.permission.GET_PACKAGE_SIZE
ADDED from src\main\AndroidManifest.xml:12:5-13:23
	android:name
		ADDED from src\main\AndroidManifest.xml:12:22-72
uses-permission#android.permission.READ_EXTERNAL_STORAGE
ADDED from src\main\AndroidManifest.xml:14:5-15:23
	android:name
		ADDED from src\main\AndroidManifest.xml:14:22-77
uses-permission#android.permission.WRITE_EXTERNAL_STORAGE
ADDED from src\main\AndroidManifest.xml:16:5-17:23
	android:name
		ADDED from src\main\AndroidManifest.xml:16:22-78
uses-permission#android.permission.MOUNT_UNMOUNT_FILESYSTEMS
ADDED from src\main\AndroidManifest.xml:18:5-19:23
	android:name
		ADDED from src\main\AndroidManifest.xml:18:22-81
uses-permission#android.permission.DISABLE_STATUS_BAR
ADDED from src\main\AndroidManifest.xml:20:5-77
	android:name
		ADDED from src\main\AndroidManifest.xml:20:22-74
uses-permission#android.permission.WRITE_SETTINGS
ADDED from src\main\AndroidManifest.xml:21:2-70
	android:name
		ADDED from src\main\AndroidManifest.xml:21:19-67
uses-feature#android.hardware.camera
ADDED from src\main\AndroidManifest.xml:23:5-60
	android:name
		ADDED from src\main\AndroidManifest.xml:23:19-57
uses-permission#android.permission.SYSTEM_ALERT_WINDOW
ADDED from src\main\AndroidManifest.xml:24:2-75
	android:name
		ADDED from src\main\AndroidManifest.xml:24:19-72
uses-permission#android.permission.RECEIVE_BOOT_COMPLETED
ADDED from src\main\AndroidManifest.xml:25:5-81
	android:name
		ADDED from src\main\AndroidManifest.xml:25:22-78
uses-permission#android.permission.WAKE_LOCK
ADDED from src\main\AndroidManifest.xml:26:5-68
	android:name
		ADDED from src\main\AndroidManifest.xml:26:22-65
uses-permission#android.permission.DISABLE_KEYGUARD
ADDED from src\main\AndroidManifest.xml:27:5-75
	android:name
		ADDED from src\main\AndroidManifest.xml:27:22-72
uses-permission#android.permission.CONTROL_KEYGUARD
ADDED from src\main\AndroidManifest.xml:28:5-74
	android:name
		ADDED from src\main\AndroidManifest.xml:28:22-72
uses-permission#android.permission.INTERNET
ADDED from src\main\AndroidManifest.xml:29:5-67
	android:name
		ADDED from src\main\AndroidManifest.xml:29:22-64
uses-permission#android.permission.BIND_ACCESSIBILITY_SERVICE
ADDED from src\main\AndroidManifest.xml:30:5-85
	android:name
		ADDED from src\main\AndroidManifest.xml:30:22-82
uses-permission#android.permission.GET_TASKS
ADDED from src\main\AndroidManifest.xml:31:5-68
	android:name
		ADDED from src\main\AndroidManifest.xml:31:22-65
uses-permission#com.android.launcher.permission.INSTALL_SHORTCUT
ADDED from src\main\AndroidManifest.xml:33:5-88
	android:name
		ADDED from src\main\AndroidManifest.xml:33:22-85
uses-permission#com.android.launcher.permission.UNINSTALL_SHORTCUT
ADDED from src\main\AndroidManifest.xml:35:5-90
	android:name
		ADDED from src\main\AndroidManifest.xml:35:22-87
application
ADDED from src\main\AndroidManifest.xml:37:5-403:19
	android:label
		ADDED from src\main\AndroidManifest.xml:40:9-41
	android:allowBackup
		ADDED from src\main\AndroidManifest.xml:38:9-35
	android:icon
		ADDED from src\main\AndroidManifest.xml:39:9-45
	android:theme
		ADDED from src\main\AndroidManifest.xml:41:9-41
activity#com.allen.test.Main
ADDED from src\main\AndroidManifest.xml:42:9-50:20
	android:screenOrientation
		ADDED from src\main\AndroidManifest.xml:45:13-49
	android:label
		ADDED from src\main\AndroidManifest.xml:44:13-45
	android:name
		ADDED from src\main\AndroidManifest.xml:43:13-47
intent-filter#android.intent.action.MAIN+android.intent.category.LAUNCHER
ADDED from src\main\AndroidManifest.xml:46:12-49:29
action#android.intent.action.MAIN
ADDED from src\main\AndroidManifest.xml:47:17-69
	android:name
		ADDED from src\main\AndroidManifest.xml:47:25-66
category#android.intent.category.LAUNCHER
ADDED from src\main\AndroidManifest.xml:48:17-77
	android:name
		ADDED from src\main\AndroidManifest.xml:48:27-74
activity#com.allen.test.demon.FaceDetect
ADDED from src\main\AndroidManifest.xml:52:9-55:20
	android:label
		ADDED from src\main\AndroidManifest.xml:54:13-45
	android:name
		ADDED from src\main\AndroidManifest.xml:53:13-59
activity#com.allen.test.check.Check
ADDED from src\main\AndroidManifest.xml:59:9-63:20
	android:screenOrientation
		ADDED from src\main\AndroidManifest.xml:62:13-49
	android:label
		ADDED from src\main\AndroidManifest.xml:61:13-45
	android:name
		ADDED from src\main\AndroidManifest.xml:60:13-54
activity#com.allen.test.check.LedCheck
ADDED from src\main\AndroidManifest.xml:66:9-70:20
	android:screenOrientation
		ADDED from src\main\AndroidManifest.xml:69:13-49
	android:label
		ADDED from src\main\AndroidManifest.xml:68:13-45
	android:name
		ADDED from src\main\AndroidManifest.xml:67:13-57
activity#com.allen.test.check.LcdDot
ADDED from src\main\AndroidManifest.xml:71:9-75:20
	android:screenOrientation
		ADDED from src\main\AndroidManifest.xml:74:13-49
	android:label
		ADDED from src\main\AndroidManifest.xml:73:13-45
	android:name
		ADDED from src\main\AndroidManifest.xml:72:13-55
activity#com.allen.test.check.GSensor
ADDED from src\main\AndroidManifest.xml:76:9-80:20
	android:screenOrientation
		ADDED from src\main\AndroidManifest.xml:79:13-49
	android:label
		ADDED from src\main\AndroidManifest.xml:78:13-45
	android:name
		ADDED from src\main\AndroidManifest.xml:77:13-56
activity#com.allen.test.check.touch.TSP_Bound_Grid_Mode
ADDED from src\main\AndroidManifest.xml:81:9-84:20
	android:label
		ADDED from src\main\AndroidManifest.xml:83:13-45
	android:name
		ADDED from src\main\AndroidManifest.xml:82:13-74
activity#com.allen.test.check.touch.TSP_Dot_Mode
ADDED from src\main\AndroidManifest.xml:85:9-88:20
	android:label
		ADDED from src\main\AndroidManifest.xml:87:13-45
	android:name
		ADDED from src\main\AndroidManifest.xml:86:13-67
activity#com.allen.test.check.touch.TSP_Grid_Mode
ADDED from src\main\AndroidManifest.xml:89:9-92:20
	android:label
		ADDED from src\main\AndroidManifest.xml:91:13-45
	android:name
		ADDED from src\main\AndroidManifest.xml:90:13-68
activity#com.allen.test.demon.Demon
ADDED from src\main\AndroidManifest.xml:95:9-106:20
	android:screenOrientation
		ADDED from src\main\AndroidManifest.xml:98:13-49
	android:label
		ADDED from src\main\AndroidManifest.xml:97:13-45
	android:name
		ADDED from src\main\AndroidManifest.xml:96:13-54
activity#com.allen.test.demon.VectorDrawableActivity
ADDED from src\main\AndroidManifest.xml:107:9-111:20
	android:screenOrientation
		ADDED from src\main\AndroidManifest.xml:110:13-49
	android:label
		ADDED from src\main\AndroidManifest.xml:109:13-45
	android:name
		ADDED from src\main\AndroidManifest.xml:108:13-71
activity#com.allen.test.demon.NotificationTestActivity
ADDED from src\main\AndroidManifest.xml:112:9-115:20
	android:label
		ADDED from src\main\AndroidManifest.xml:114:13-45
	android:name
		ADDED from src\main\AndroidManifest.xml:113:13-73
activity#com.allen.test.demon.WeatherDemon
ADDED from src\main\AndroidManifest.xml:116:9-119:20
	android:label
		ADDED from src\main\AndroidManifest.xml:118:13-45
	android:name
		ADDED from src\main\AndroidManifest.xml:117:13-61
activity#com.allen.test.demon.KeyguardTestActivity
ADDED from src\main\AndroidManifest.xml:121:9-124:20
	android:label
		ADDED from src\main\AndroidManifest.xml:123:13-45
	android:name
		ADDED from src\main\AndroidManifest.xml:122:13-69
activity#com.allen.test.demon.ImageEffectActivity
ADDED from src\main\AndroidManifest.xml:126:9-130:20
	android:label
		ADDED from src\main\AndroidManifest.xml:128:13-45
	android:name
		ADDED from src\main\AndroidManifest.xml:127:13-68
activity#com.allen.test.effect.XferModeActivity
ADDED from src\main\AndroidManifest.xml:131:9-134:20
	android:label
		ADDED from src\main\AndroidManifest.xml:133:13-45
	android:name
		ADDED from src\main\AndroidManifest.xml:132:13-66
activity#com.allen.test.effect.XferModeTest
ADDED from src\main\AndroidManifest.xml:135:9-139:20
	android:label
		ADDED from src\main\AndroidManifest.xml:138:13-45
	android:hardwareAccelerated
		ADDED from src\main\AndroidManifest.xml:137:13-48
	android:name
		ADDED from src\main\AndroidManifest.xml:136:13-62
activity#com.allen.test.demon.ShortCutTest
ADDED from src\main\AndroidManifest.xml:140:9-149:20
	android:label
		ADDED from src\main\AndroidManifest.xml:144:13-45
	android:hardwareAccelerated
		ADDED from src\main\AndroidManifest.xml:142:13-48
	android:exported
		ADDED from src\main\AndroidManifest.xml:143:13-36
	android:name
		ADDED from src\main\AndroidManifest.xml:141:13-61
intent-filter#android.intent.action.CREATE_SHORTCUT+android.intent.action.MAIN
ADDED from src\main\AndroidManifest.xml:145:13-148:29
action#android.intent.action.CREATE_SHORTCUT
ADDED from src\main\AndroidManifest.xml:147:17-79
	android:name
		ADDED from src\main\AndroidManifest.xml:147:25-77
receiver#com.allen.test.demon.WidgetProvider
ADDED from src\main\AndroidManifest.xml:151:8-162:20
	android:name
		ADDED from src\main\AndroidManifest.xml:151:18-68
meta-data#android.appwidget.provider
ADDED from src\main\AndroidManifest.xml:152:13-154:25
	android:resource
		ADDED from src\main\AndroidManifest.xml:153:17-55
	android:name
		ADDED from src\main\AndroidManifest.xml:152:24-65
intent-filter#android.appwidget.action.APPWIDGET_UPDATE
ADDED from src\main\AndroidManifest.xml:155:13-157:29
action#android.appwidget.action.APPWIDGET_UPDATE
ADDED from src\main\AndroidManifest.xml:156:17-91
	android:name
		ADDED from src\main\AndroidManifest.xml:156:25-81
intent-filter#com.test.CLICK
ADDED from src\main\AndroidManifest.xml:158:13-160:29
action#com.test.CLICK
ADDED from src\main\AndroidManifest.xml:159:17-57
	android:name
		ADDED from src\main\AndroidManifest.xml:159:25-54
activity#com.allen.test.effect.Effect
ADDED from src\main\AndroidManifest.xml:164:9-167:20
	android:label
		ADDED from src\main\AndroidManifest.xml:166:13-45
	android:name
		ADDED from src\main\AndroidManifest.xml:165:13-56
activity#com.allen.test.effect.BaseRecyclerView
ADDED from src\main\AndroidManifest.xml:168:9-172:20
	android:label
		ADDED from src\main\AndroidManifest.xml:170:13-45
	android:exported
		ADDED from src\main\AndroidManifest.xml:171:13-36
	android:name
		ADDED from src\main\AndroidManifest.xml:169:13-66
activity#com.allen.test.effect.ListViewAnimation
ADDED from src\main\AndroidManifest.xml:173:9-177:20
	android:label
		ADDED from src\main\AndroidManifest.xml:175:13-45
	android:exported
		ADDED from src\main\AndroidManifest.xml:176:13-36
	android:name
		ADDED from src\main\AndroidManifest.xml:174:13-67
activity#com.allen.test.effect.DrawerLayoutActivity
ADDED from src\main\AndroidManifest.xml:178:9-182:20
	android:label
		ADDED from src\main\AndroidManifest.xml:181:13-45
	android:exported
		ADDED from src\main\AndroidManifest.xml:180:13-36
	android:name
		ADDED from src\main\AndroidManifest.xml:179:13-70
activity#com.allen.test.mathod.Method
ADDED from src\main\AndroidManifest.xml:184:9-187:20
	android:label
		ADDED from src\main\AndroidManifest.xml:186:13-45
	android:name
		ADDED from src\main\AndroidManifest.xml:185:13-56
activity#com.allen.test.mathod.PrintArray
ADDED from src\main\AndroidManifest.xml:188:9-191:20
	android:label
		ADDED from src\main\AndroidManifest.xml:190:13-45
	android:name
		ADDED from src\main\AndroidManifest.xml:189:13-60
activity#com.allen.test.mathod.MagicSquare
ADDED from src\main\AndroidManifest.xml:192:10-195:20
	android:label
		ADDED from src\main\AndroidManifest.xml:194:13-45
	android:name
		ADDED from src\main\AndroidManifest.xml:193:13-61
activity#com.allen.test.mathod.CubicBezierLineActivty
ADDED from src\main\AndroidManifest.xml:196:10-199:20
	android:label
		ADDED from src\main\AndroidManifest.xml:198:13-45
	android:name
		ADDED from src\main\AndroidManifest.xml:197:13-72
activity#com.allen.test.info.Info
ADDED from src\main\AndroidManifest.xml:202:9-205:20
	android:label
		ADDED from src\main\AndroidManifest.xml:204:13-45
	android:name
		ADDED from src\main\AndroidManifest.xml:203:13-52
activity#com.allen.test.info.LanguageInfo
ADDED from src\main\AndroidManifest.xml:206:9-209:20
	android:label
		ADDED from src\main\AndroidManifest.xml:208:13-45
	android:name
		ADDED from src\main\AndroidManifest.xml:207:13-60
activity#com.allen.test.info.PackageListActivity
ADDED from src\main\AndroidManifest.xml:210:9-213:20
	android:label
		ADDED from src\main\AndroidManifest.xml:212:13-45
	android:name
		ADDED from src\main\AndroidManifest.xml:211:13-67
activity#com.allen.test.info.PackageInfoActivity
ADDED from src\main\AndroidManifest.xml:214:9-218:20
	android:label
		ADDED from src\main\AndroidManifest.xml:216:13-45
	android:theme
		ADDED from src\main\AndroidManifest.xml:217:13-46
	android:name
		ADDED from src\main\AndroidManifest.xml:215:13-67
activity#com.allen.test.info.FrameWorkSourceActivity
ADDED from src\main\AndroidManifest.xml:219:9-223:20
	android:label
		ADDED from src\main\AndroidManifest.xml:221:13-45
	android:theme
		ADDED from src\main\AndroidManifest.xml:222:13-46
	android:name
		ADDED from src\main\AndroidManifest.xml:220:13-71
activity#com.allen.test.info.PackageSourceActivity
ADDED from src\main\AndroidManifest.xml:224:9-227:20
	android:label
		ADDED from src\main\AndroidManifest.xml:226:13-45
	android:name
		ADDED from src\main\AndroidManifest.xml:225:13-69
activity#com.allen.test.info.DisplayInfo
ADDED from src\main\AndroidManifest.xml:228:9-231:20
	android:label
		ADDED from src\main\AndroidManifest.xml:230:13-45
	android:name
		ADDED from src\main\AndroidManifest.xml:229:13-59
activity#com.allen.test.info.SystemInfo
ADDED from src\main\AndroidManifest.xml:232:9-235:20
	android:label
		ADDED from src\main\AndroidManifest.xml:234:13-45
	android:name
		ADDED from src\main\AndroidManifest.xml:233:13-58
activity#com.allen.test.tool.Tool
ADDED from src\main\AndroidManifest.xml:240:9-243:20
	android:label
		ADDED from src\main\AndroidManifest.xml:242:13-45
	android:name
		ADDED from src\main\AndroidManifest.xml:241:13-52
activity#com.allen.test.tool.selector.EasySelector
ADDED from src\main\AndroidManifest.xml:245:9-249:20
	android:label
		ADDED from src\main\AndroidManifest.xml:247:13-45
	android:name
		ADDED from src\main\AndroidManifest.xml:246:13-69
activity#com.allen.test.tool.platlogo.PlatLogoActivity
ADDED from src\main\AndroidManifest.xml:250:9-255:20
	android:label
		ADDED from src\main\AndroidManifest.xml:252:13-45
	android:theme
		ADDED from src\main\AndroidManifest.xml:253:13-81
	android:name
		ADDED from src\main\AndroidManifest.xml:251:13-73
activity#com.allen.test.tool.platlogo.LLandActivity
ADDED from src\main\AndroidManifest.xml:256:9-267:20
	android:process
		ADDED from src\main\AndroidManifest.xml:263:13-50
	android:screenOrientation
		ADDED from src\main\AndroidManifest.xml:264:13-47
	android:label
		ADDED from src\main\AndroidManifest.xml:261:13-42
	android:excludeFromRecents
		ADDED from src\main\AndroidManifest.xml:258:13-46
	android:hardwareAccelerated
		ADDED from src\main\AndroidManifest.xml:260:13-47
	android:launchMode
		ADDED from src\main\AndroidManifest.xml:262:13-48
	android:exported
		ADDED from src\main\AndroidManifest.xml:259:13-36
	android:theme
		ADDED from src\main\AndroidManifest.xml:265:13-72
	android:name
		ADDED from src\main\AndroidManifest.xml:257:13-70
activity#com.allen.test.tool.VirtulEvent
ADDED from src\main\AndroidManifest.xml:268:10-271:20
	android:label
		ADDED from src\main\AndroidManifest.xml:270:13-45
	android:name
		ADDED from src\main\AndroidManifest.xml:269:13-59
activity#com.allen.test.tool.flashlight.FlashLight
ADDED from src\main\AndroidManifest.xml:273:10-277:20
	android:label
		ADDED from src\main\AndroidManifest.xml:276:13-45
	android:theme
		ADDED from src\main\AndroidManifest.xml:275:13-53
	android:name
		ADDED from src\main\AndroidManifest.xml:274:13-69
service#com.allen.test.tool.flashlight.FlashLightService
ADDED from src\main\AndroidManifest.xml:278:9-281:19
	android:label
		ADDED from src\main\AndroidManifest.xml:280:13-45
	android:name
		ADDED from src\main\AndroidManifest.xml:279:13-76
activity#com.allen.test.tool.DPIvPX
ADDED from src\main\AndroidManifest.xml:283:9-286:20
	android:label
		ADDED from src\main\AndroidManifest.xml:285:13-45
	android:name
		ADDED from src\main\AndroidManifest.xml:284:13-54
activity#com.allen.test.tool.SimCardHelper
ADDED from src\main\AndroidManifest.xml:287:9-290:20
	android:label
		ADDED from src\main\AndroidManifest.xml:289:13-45
	android:name
		ADDED from src\main\AndroidManifest.xml:288:13-61
activity#com.allen.test.tool.GestureSettingActivity
ADDED from src\main\AndroidManifest.xml:291:9-294:20
	android:label
		ADDED from src\main\AndroidManifest.xml:293:13-45
	android:name
		ADDED from src\main\AndroidManifest.xml:292:13-70
activity#com.allen.test.tool.ScreenFilterSetting
ADDED from src\main\AndroidManifest.xml:295:9-298:20
	android:label
		ADDED from src\main\AndroidManifest.xml:297:13-45
	android:name
		ADDED from src\main\AndroidManifest.xml:296:13-67
activity#com.allen.test.tool.SecretCameraActicity
ADDED from src\main\AndroidManifest.xml:299:11-302:20
	android:label
		ADDED from src\main\AndroidManifest.xml:301:13-45
	android:name
		ADDED from src\main\AndroidManifest.xml:300:13-68
activity#com.allen.test.tool.Compass
ADDED from src\main\AndroidManifest.xml:303:9-306:20
	android:label
		ADDED from src\main\AndroidManifest.xml:305:13-45
	android:name
		ADDED from src\main\AndroidManifest.xml:304:13-55
activity#com.allen.test.tool.cookbook.CookMenu
ADDED from src\main\AndroidManifest.xml:307:9-310:20
	android:label
		ADDED from src\main\AndroidManifest.xml:309:13-50
	android:name
		ADDED from src\main\AndroidManifest.xml:308:13-65
activity#com.allen.test.tool.cookbook.CookbootWelcome
ADDED from src\main\AndroidManifest.xml:311:9-318:20
	android:label
		ADDED from src\main\AndroidManifest.xml:313:13-50
	android:name
		ADDED from src\main\AndroidManifest.xml:312:13-72
activity#com.allen.test.tool.login.Login
ADDED from src\main\AndroidManifest.xml:319:9-322:20
	android:label
		ADDED from src\main\AndroidManifest.xml:321:13-45
	android:name
		ADDED from src\main\AndroidManifest.xml:320:13-59
activity#com.allen.test.tool.login.MultipLogin
ADDED from src\main\AndroidManifest.xml:323:9-326:20
	android:label
		ADDED from src\main\AndroidManifest.xml:325:13-45
	android:name
		ADDED from src\main\AndroidManifest.xml:324:13-65
activity#com.allen.test.tool.login.WebViewLogin
ADDED from src\main\AndroidManifest.xml:327:9-331:20
	android:label
		ADDED from src\main\AndroidManifest.xml:329:13-46
	android:theme
		ADDED from src\main\AndroidManifest.xml:330:13-53
	android:name
		ADDED from src\main\AndroidManifest.xml:328:13-66
activity#com.allen.test.tool.fileselector.FileSelector
ADDED from src\main\AndroidManifest.xml:332:9-342:20
	android:screenOrientation
		ADDED from src\main\AndroidManifest.xml:335:14-50
	android:label
		ADDED from src\main\AndroidManifest.xml:336:14-51
	android:showOnLockScreen
		ADDED from src\main\AndroidManifest.xml:334:14-45
	android:name
		ADDED from src\main\AndroidManifest.xml:333:14-60
intent-filter#android.intent.action.FILE_SELECTOR+android.intent.category.DEFAULT
ADDED from src\main\AndroidManifest.xml:338:13-341:29
action#android.intent.action.FILE_SELECTOR
ADDED from src\main\AndroidManifest.xml:339:17-78
	android:name
		ADDED from src\main\AndroidManifest.xml:339:25-75
category#android.intent.category.DEFAULT
ADDED from src\main\AndroidManifest.xml:340:17-76
	android:name
		ADDED from src\main\AndroidManifest.xml:340:27-73
receiver#com.allen.test.tool.hotspots.HotSpotsProvider
ADDED from src\main\AndroidManifest.xml:344:9-364:20
	android:label
		ADDED from src\main\AndroidManifest.xml:346:13-49
	android:name
		ADDED from src\main\AndroidManifest.xml:345:13-73
intent-filter#android.appwidget.action.APPWIDGET_UPDATE+com.le.smartcard.hotword.update
ADDED from src\main\AndroidManifest.xml:347:13-350:29
action#com.le.smartcard.hotword.update
ADDED from src\main\AndroidManifest.xml:349:17-74
	android:name
		ADDED from src\main\AndroidManifest.xml:349:25-71
meta-data#leui.card.icon
ADDED from src\main\AndroidManifest.xml:355:13-357:60
	android:resource
		ADDED from src\main\AndroidManifest.xml:357:17-57
	android:name
		ADDED from src\main\AndroidManifest.xml:356:17-46
meta-data#leui.card.label
ADDED from src\main\AndroidManifest.xml:358:13-360:59
	android:resource
		ADDED from src\main\AndroidManifest.xml:360:17-56
	android:name
		ADDED from src\main\AndroidManifest.xml:359:17-47
meta-data#leui.card.intent
ADDED from src\main\AndroidManifest.xml:361:13-363:159
	android:value
		ADDED from src\main\AndroidManifest.xml:363:17-156
	android:name
		ADDED from src\main\AndroidManifest.xml:362:17-48
provider#com.allen.test.data.SelectorProvider
ADDED from src\main\AndroidManifest.xml:367:10-369:39
	android:authorities
		ADDED from src\main\AndroidManifest.xml:368:4-58
	android:exported
		ADDED from src\main\AndroidManifest.xml:369:4-27
	android:name
		ADDED from src\main\AndroidManifest.xml:367:20-71
provider#com.allen.test.tool.cookbook.data.CookbookProvider
ADDED from src\main\AndroidManifest.xml:370:10-372:48
	android:authorities
		ADDED from src\main\AndroidManifest.xml:371:13-68
	android:exported
		ADDED from src\main\AndroidManifest.xml:372:13-36
	android:name
		ADDED from src\main\AndroidManifest.xml:370:20-85
service#com.allen.test.service.StarDeam
ADDED from src\main\AndroidManifest.xml:374:9-384:19
	android:label
		ADDED from src\main\AndroidManifest.xml:378:13-45
	android:exported
		ADDED from src\main\AndroidManifest.xml:376:13-36
	android:permission
		ADDED from src\main\AndroidManifest.xml:377:13-71
	android:name
		ADDED from src\main\AndroidManifest.xml:375:13-59
intent-filter#android.intent.category.DEFAULT+android.service.dreams.DreamService
ADDED from src\main\AndroidManifest.xml:379:13-382:29
action#android.service.dreams.DreamService
ADDED from src\main\AndroidManifest.xml:380:17-77
	android:name
		ADDED from src\main\AndroidManifest.xml:380:25-75
service#com.allen.test.service.KeyguardService
ADDED from src\main\AndroidManifest.xml:385:9-389:19
	android:label
		ADDED from src\main\AndroidManifest.xml:388:13-45
	android:exported
		ADDED from src\main\AndroidManifest.xml:387:13-36
	android:name
		ADDED from src\main\AndroidManifest.xml:386:13-66
service#com.allen.test.service.RobMoneyService
ADDED from src\main\AndroidManifest.xml:390:9-402:19
	android:enabled
		ADDED from src\main\AndroidManifest.xml:393:13-35
	android:label
		ADDED from src\main\AndroidManifest.xml:394:13-45
	android:exported
		ADDED from src\main\AndroidManifest.xml:392:13-36
	android:permission
		ADDED from src\main\AndroidManifest.xml:395:13-79
	android:name
		ADDED from src\main\AndroidManifest.xml:391:13-66
intent-filter#android.accessibilityservice.AccessibilityService
ADDED from src\main\AndroidManifest.xml:396:13-398:29
action#android.accessibilityservice.AccessibilityService
ADDED from src\main\AndroidManifest.xml:397:17-92
	android:name
		ADDED from src\main\AndroidManifest.xml:397:25-89
meta-data#android.accessibilityservice
ADDED from src\main\AndroidManifest.xml:399:13-401:57
	android:resource
		ADDED from src\main\AndroidManifest.xml:401:17-54
	android:name
		ADDED from src\main\AndroidManifest.xml:400:17-60